19-Jun-2017 11:47:23.580 INFORMATION [main] org.apache.catalina.startup.VersionLoggerListener.log Server version:        Apache Tomcat/8.5.15
19-Jun-2017 11:47:23.581 INFORMATION [main] org.apache.catalina.startup.VersionLoggerListener.log Server built:          May 5 2017 11:03:04 UTC
19-Jun-2017 11:47:23.582 INFORMATION [main] org.apache.catalina.startup.VersionLoggerListener.log Server number:         8.5.15.0
19-Jun-2017 11:47:23.582 INFORMATION [main] org.apache.catalina.startup.VersionLoggerListener.log OS Name:               Windows 7
19-Jun-2017 11:47:23.582 INFORMATION [main] org.apache.catalina.startup.VersionLoggerListener.log OS Version:            6.1
19-Jun-2017 11:47:23.582 INFORMATION [main] org.apache.catalina.startup.VersionLoggerListener.log Architecture:          amd64
19-Jun-2017 11:47:23.582 INFORMATION [main] org.apache.catalina.startup.VersionLoggerListener.log Java Home:             C:\Program Files\Java\jdk1.8.0_102\jre
19-Jun-2017 11:47:23.582 INFORMATION [main] org.apache.catalina.startup.VersionLoggerListener.log JVM Version:           1.8.0_102-b14
19-Jun-2017 11:47:23.582 INFORMATION [main] org.apache.catalina.startup.VersionLoggerListener.log JVM Vendor:            Oracle Corporation
19-Jun-2017 11:47:23.582 INFORMATION [main] org.apache.catalina.startup.VersionLoggerListener.log CATALINA_BASE:         C:\Users\nmodjo\Downloads\apache-tomcat-8.5.15\apache-tomcat-8.5.15
19-Jun-2017 11:47:23.583 INFORMATION [main] org.apache.catalina.startup.VersionLoggerListener.log CATALINA_HOME:         C:\Users\nmodjo\Downloads\apache-tomcat-8.5.15\apache-tomcat-8.5.15
19-Jun-2017 11:47:23.583 INFORMATION [main] org.apache.catalina.startup.VersionLoggerListener.log Command line argument: -Djava.util.logging.config.file=C:\Users\nmodjo\Downloads\apache-tomcat-8.5.15\apache-tomcat-8.5.15\conf\logging.properties
19-Jun-2017 11:47:23.583 INFORMATION [main] org.apache.catalina.startup.VersionLoggerListener.log Command line argument: -Djava.util.logging.manager=org.apache.juli.ClassLoaderLogManager
19-Jun-2017 11:47:23.583 INFORMATION [main] org.apache.catalina.startup.VersionLoggerListener.log Command line argument: -Djdk.tls.ephemeralDHKeySize=2048
19-Jun-2017 11:47:23.584 INFORMATION [main] org.apache.catalina.startup.VersionLoggerListener.log Command line argument: -Djava.protocol.handler.pkgs=org.apache.catalina.webresources
19-Jun-2017 11:47:23.584 INFORMATION [main] org.apache.catalina.startup.VersionLoggerListener.log Command line argument: -Dcatalina.base=C:\Users\nmodjo\Downloads\apache-tomcat-8.5.15\apache-tomcat-8.5.15
19-Jun-2017 11:47:23.584 INFORMATION [main] org.apache.catalina.startup.VersionLoggerListener.log Command line argument: -Dcatalina.home=C:\Users\nmodjo\Downloads\apache-tomcat-8.5.15\apache-tomcat-8.5.15
19-Jun-2017 11:47:23.584 INFORMATION [main] org.apache.catalina.startup.VersionLoggerListener.log Command line argument: -Djava.io.tmpdir=C:\Users\nmodjo\Downloads\apache-tomcat-8.5.15\apache-tomcat-8.5.15\temp
19-Jun-2017 11:47:23.585 INFORMATION [main] org.apache.catalina.core.AprLifecycleListener.lifecycleEvent The APR based Apache Tomcat Native library which allows optimal performance in production environments was not found on the java.library.path: [C:\Program Files\Java\jdk1.8.0_102\bin;C:\Windows\Sun\Java\bin;C:\Windows\system32;C:\Windows;C:\ProgramData\Oracle\Java\javapath;C:\Program Files (x86)\PHP\;C:\Windows\system32;C:\Windows;C:\Windows\System32\Wbem;C:\Windows\System32\WindowsPowerShell\v1.0\;C:\Program Files\TortoiseSVN\bin;C:\HashiCorp\Vagrant\bin;C:\Program Files (x86)\Brackets\command;C:\Program Files\nodejs\;C:\Users\nmodjo\AppData\Local\Atlassian\SourceTree\git_local\bin;;.]
19-Jun-2017 11:47:23.672 INFORMATION [main] org.apache.coyote.AbstractProtocol.init Initializing ProtocolHandler ["http-nio-8080"]
19-Jun-2017 11:47:23.802 INFORMATION [main] org.apache.tomcat.util.net.NioSelectorPool.getSharedSelector Using a shared selector for servlet write/read
19-Jun-2017 11:47:23.804 INFORMATION [main] org.apache.coyote.AbstractProtocol.init Initializing ProtocolHandler ["ajp-nio-8009"]
19-Jun-2017 11:47:23.806 INFORMATION [main] org.apache.tomcat.util.net.NioSelectorPool.getSharedSelector Using a shared selector for servlet write/read
19-Jun-2017 11:47:23.806 INFORMATION [main] org.apache.catalina.startup.Catalina.load Initialization processed in 490 ms
19-Jun-2017 11:47:23.823 INFORMATION [main] org.apache.catalina.core.StandardService.startInternal Starting service [Catalina]
19-Jun-2017 11:47:23.823 INFORMATION [main] org.apache.catalina.core.StandardEngine.startInternal Starting Servlet Engine: Apache Tomcat/8.5.15
19-Jun-2017 11:47:23.832 INFORMATION [localhost-startStop-1] org.apache.catalina.startup.HostConfig.deployDirectory Deploying web application directory [C:\Users\nmodjo\Downloads\apache-tomcat-8.5.15\apache-tomcat-8.5.15\webapps\docs]
19-Jun-2017 11:47:24.030 INFORMATION [localhost-startStop-1] org.apache.catalina.startup.HostConfig.deployDirectory Deployment of web application directory [C:\Users\nmodjo\Downloads\apache-tomcat-8.5.15\apache-tomcat-8.5.15\webapps\docs] has finished in [197] ms
19-Jun-2017 11:47:24.030 INFORMATION [localhost-startStop-1] org.apache.catalina.startup.HostConfig.deployDirectory Deploying web application directory [C:\Users\nmodjo\Downloads\apache-tomcat-8.5.15\apache-tomcat-8.5.15\webapps\examples]
19-Jun-2017 11:47:24.218 INFORMATION [localhost-startStop-1] org.apache.catalina.startup.HostConfig.deployDirectory Deployment of web application directory [C:\Users\nmodjo\Downloads\apache-tomcat-8.5.15\apache-tomcat-8.5.15\webapps\examples] has finished in [188] ms
19-Jun-2017 11:47:24.219 INFORMATION [localhost-startStop-1] org.apache.catalina.startup.HostConfig.deployDirectory Deploying web application directory [C:\Users\nmodjo\Downloads\apache-tomcat-8.5.15\apache-tomcat-8.5.15\webapps\host-manager]
19-Jun-2017 11:47:24.237 INFORMATION [localhost-startStop-1] org.apache.catalina.startup.HostConfig.deployDirectory Deployment of web application directory [C:\Users\nmodjo\Downloads\apache-tomcat-8.5.15\apache-tomcat-8.5.15\webapps\host-manager] has finished in [18] ms
19-Jun-2017 11:47:24.237 INFORMATION [localhost-startStop-1] org.apache.catalina.startup.HostConfig.deployDirectory Deploying web application directory [C:\Users\nmodjo\Downloads\apache-tomcat-8.5.15\apache-tomcat-8.5.15\webapps\manager]
19-Jun-2017 11:47:24.253 INFORMATION [localhost-startStop-1] org.apache.catalina.startup.HostConfig.deployDirectory Deployment of web application directory [C:\Users\nmodjo\Downloads\apache-tomcat-8.5.15\apache-tomcat-8.5.15\webapps\manager] has finished in [16] ms
19-Jun-2017 11:47:24.254 INFORMATION [localhost-startStop-1] org.apache.catalina.startup.HostConfig.deployDirectory Deploying web application directory [C:\Users\nmodjo\Downloads\apache-tomcat-8.5.15\apache-tomcat-8.5.15\webapps\ROOT]
19-Jun-2017 11:47:24.269 INFORMATION [localhost-startStop-1] org.apache.catalina.startup.HostConfig.deployDirectory Deployment of web application directory [C:\Users\nmodjo\Downloads\apache-tomcat-8.5.15\apache-tomcat-8.5.15\webapps\ROOT] has finished in [14] ms
19-Jun-2017 11:47:24.271 INFORMATION [main] org.apache.coyote.AbstractProtocol.start Starting ProtocolHandler ["http-nio-8080"]
19-Jun-2017 11:47:24.277 INFORMATION [main] org.apache.coyote.AbstractProtocol.start Starting ProtocolHandler ["ajp-nio-8009"]
19-Jun-2017 11:47:24.280 INFORMATION [main] org.apache.catalina.startup.Catalina.start Server startup in 473 ms
19-Jun-2017 11:52:34.302 INFORMATION [localhost-startStop-2] org.apache.catalina.startup.HostConfig.deployDirectory Deploying web application directory [C:\Users\nmodjo\Downloads\apache-tomcat-8.5.15\apache-tomcat-8.5.15\webapps\Neuer Ordner]
19-Jun-2017 11:52:34.324 INFORMATION [localhost-startStop-2] org.apache.catalina.startup.HostConfig.deployDirectory Deployment of web application directory [C:\Users\nmodjo\Downloads\apache-tomcat-8.5.15\apache-tomcat-8.5.15\webapps\Neuer Ordner] has finished in [22] ms
19-Jun-2017 11:52:44.825 INFORMATION [ContainerBackgroundProcessor[StandardEngine[Catalina]]] org.apache.catalina.startup.HostConfig.undeploy Undeploying context [/Neuer Ordner]
19-Jun-2017 11:52:44.837 INFORMATION [localhost-startStop-3] org.apache.catalina.startup.HostConfig.deployDirectory Deploying web application directory [C:\Users\nmodjo\Downloads\apache-tomcat-8.5.15\apache-tomcat-8.5.15\webapps\Test]
19-Jun-2017 11:52:44.849 INFORMATION [localhost-startStop-3] org.apache.catalina.startup.HostConfig.deployDirectory Deployment of web application directory [C:\Users\nmodjo\Downloads\apache-tomcat-8.5.15\apache-tomcat-8.5.15\webapps\Test] has finished in [12] ms
19-Jun-2017 11:53:24.854 INFORMATION [ContainerBackgroundProcessor[StandardEngine[Catalina]]] org.apache.catalina.startup.HostConfig.reload Reloading context [/Test]
19-Jun-2017 11:53:24.855 INFORMATION [ContainerBackgroundProcessor[StandardEngine[Catalina]]] org.apache.catalina.core.StandardContext.reload Reloading Context with name [/Test] has started
19-Jun-2017 11:53:24.869 INFORMATION [ContainerBackgroundProcessor[StandardEngine[Catalina]]] org.apache.catalina.core.StandardContext.reload Reloading Context with name [/Test] is completed
19-Jun-2017 11:53:44.872 INFORMATION [ContainerBackgroundProcessor[StandardEngine[Catalina]]] org.apache.catalina.startup.HostConfig.reload Reloading context [/Test]
19-Jun-2017 11:53:44.872 INFORMATION [ContainerBackgroundProcessor[StandardEngine[Catalina]]] org.apache.catalina.core.StandardContext.reload Reloading Context with name [/Test] has started
19-Jun-2017 11:53:44.882 INFORMATION [ContainerBackgroundProcessor[StandardEngine[Catalina]]] org.apache.catalina.core.StandardContext.reload Reloading Context with name [/Test] is completed
19-Jun-2017 11:58:14.909 INFORMATION [ContainerBackgroundProcessor[StandardEngine[Catalina]]] org.apache.catalina.startup.HostConfig.reload Reloading context [/Test]
19-Jun-2017 11:58:14.910 INFORMATION [ContainerBackgroundProcessor[StandardEngine[Catalina]]] org.apache.catalina.core.StandardContext.reload Reloading Context with name [/Test] has started
19-Jun-2017 11:58:14.923 INFORMATION [ContainerBackgroundProcessor[StandardEngine[Catalina]]] org.apache.catalina.core.StandardContext.reload Reloading Context with name [/Test] is completed
19-Jun-2017 14:22:55.358 INFORMATION [ContainerBackgroundProcessor[StandardEngine[Catalina]]] org.apache.catalina.startup.HostConfig.reload Reloading context [/Test]
19-Jun-2017 14:22:55.359 INFORMATION [ContainerBackgroundProcessor[StandardEngine[Catalina]]] org.apache.catalina.core.StandardContext.reload Reloading Context with name [/Test] has started
19-Jun-2017 14:22:55.376 INFORMATION [ContainerBackgroundProcessor[StandardEngine[Catalina]]] org.apache.catalina.core.StandardContext.reload Reloading Context with name [/Test] is completed
19-Jun-2017 14:40:25.402 INFORMATION [ContainerBackgroundProcessor[StandardEngine[Catalina]]] org.apache.catalina.startup.HostConfig.reload Reloading context [/Test]
19-Jun-2017 14:40:25.403 INFORMATION [ContainerBackgroundProcessor[StandardEngine[Catalina]]] org.apache.catalina.core.StandardContext.reload Reloading Context with name [/Test] has started
19-Jun-2017 14:40:25.413 INFORMATION [ContainerBackgroundProcessor[StandardEngine[Catalina]]] org.apache.catalina.core.StandardContext.reload Reloading Context with name [/Test] is completed
19-Jun-2017 14:47:35.428 INFORMATION [ContainerBackgroundProcessor[StandardEngine[Catalina]]] org.apache.catalina.startup.HostConfig.reload Reloading context [/Test]
19-Jun-2017 14:47:35.429 INFORMATION [ContainerBackgroundProcessor[StandardEngine[Catalina]]] org.apache.catalina.core.StandardContext.reload Reloading Context with name [/Test] has started
19-Jun-2017 14:47:35.441 INFORMATION [ContainerBackgroundProcessor[StandardEngine[Catalina]]] org.apache.jasper.servlet.TldScanner.scanJars At least one JAR was scanned for TLDs yet contained no TLDs. Enable debug logging for this logger for a complete list of JARs that were scanned but no TLDs were found in them. Skipping unneeded JARs during scanning can improve startup time and JSP compilation time.
19-Jun-2017 14:47:35.442 INFORMATION [ContainerBackgroundProcessor[StandardEngine[Catalina]]] org.apache.catalina.core.StandardContext.reload Reloading Context with name [/Test] is completed
19-Jun-2017 14:48:55.442 INFORMATION [ContainerBackgroundProcessor[StandardEngine[Catalina]]] org.apache.catalina.startup.HostConfig.reload Reloading context [/Test]
19-Jun-2017 14:48:55.443 INFORMATION [ContainerBackgroundProcessor[StandardEngine[Catalina]]] org.apache.catalina.core.StandardContext.reload Reloading Context with name [/Test] has started
19-Jun-2017 14:48:55.456 INFORMATION [ContainerBackgroundProcessor[StandardEngine[Catalina]]] org.apache.jasper.servlet.TldScanner.scanJars At least one JAR was scanned for TLDs yet contained no TLDs. Enable debug logging for this logger for a complete list of JARs that were scanned but no TLDs were found in them. Skipping unneeded JARs during scanning can improve startup time and JSP compilation time.
19-Jun-2017 14:48:55.458 INFORMATION [ContainerBackgroundProcessor[StandardEngine[Catalina]]] org.apache.catalina.core.StandardContext.reload Reloading Context with name [/Test] is completed
19-Jun-2017 14:49:25.458 INFORMATION [ContainerBackgroundProcessor[StandardEngine[Catalina]]] org.apache.catalina.startup.HostConfig.reload Reloading context [/Test]
19-Jun-2017 14:49:25.459 INFORMATION [ContainerBackgroundProcessor[StandardEngine[Catalina]]] org.apache.catalina.core.StandardContext.reload Reloading Context with name [/Test] has started
19-Jun-2017 14:49:25.471 INFORMATION [ContainerBackgroundProcessor[StandardEngine[Catalina]]] org.apache.jasper.servlet.TldScanner.scanJars At least one JAR was scanned for TLDs yet contained no TLDs. Enable debug logging for this logger for a complete list of JARs that were scanned but no TLDs were found in them. Skipping unneeded JARs during scanning can improve startup time and JSP compilation time.
19-Jun-2017 14:49:25.474 INFORMATION [ContainerBackgroundProcessor[StandardEngine[Catalina]]] org.apache.catalina.core.StandardContext.reload Reloading Context with name [/Test] is completed
19-Jun-2017 14:50:45.477 INFORMATION [ContainerBackgroundProcessor[StandardEngine[Catalina]]] org.apache.catalina.startup.HostConfig.reload Reloading context [/Test]
19-Jun-2017 14:50:45.478 INFORMATION [ContainerBackgroundProcessor[StandardEngine[Catalina]]] org.apache.catalina.core.StandardContext.reload Reloading Context with name [/Test] has started
19-Jun-2017 14:50:45.490 INFORMATION [ContainerBackgroundProcessor[StandardEngine[Catalina]]] org.apache.jasper.servlet.TldScanner.scanJars At least one JAR was scanned for TLDs yet contained no TLDs. Enable debug logging for this logger for a complete list of JARs that were scanned but no TLDs were found in them. Skipping unneeded JARs during scanning can improve startup time and JSP compilation time.
19-Jun-2017 14:50:45.492 INFORMATION [ContainerBackgroundProcessor[StandardEngine[Catalina]]] org.apache.catalina.core.StandardContext.reload Reloading Context with name [/Test] is completed
19-Jun-2017 14:53:15.494 INFORMATION [ContainerBackgroundProcessor[StandardEngine[Catalina]]] org.apache.catalina.startup.HostConfig.reload Reloading context [/Test]
19-Jun-2017 14:53:15.495 INFORMATION [ContainerBackgroundProcessor[StandardEngine[Catalina]]] org.apache.catalina.core.StandardContext.reload Reloading Context with name [/Test] has started
19-Jun-2017 14:53:15.508 INFORMATION [ContainerBackgroundProcessor[StandardEngine[Catalina]]] org.apache.jasper.servlet.TldScanner.scanJars At least one JAR was scanned for TLDs yet contained no TLDs. Enable debug logging for this logger for a complete list of JARs that were scanned but no TLDs were found in them. Skipping unneeded JARs during scanning can improve startup time and JSP compilation time.
19-Jun-2017 14:53:15.509 INFORMATION [ContainerBackgroundProcessor[StandardEngine[Catalina]]] org.apache.catalina.core.StandardContext.reload Reloading Context with name [/Test] is completed
19-Jun-2017 14:54:05.511 INFORMATION [ContainerBackgroundProcessor[StandardEngine[Catalina]]] org.apache.catalina.startup.HostConfig.reload Reloading context [/Test]
19-Jun-2017 14:54:05.512 INFORMATION [ContainerBackgroundProcessor[StandardEngine[Catalina]]] org.apache.catalina.core.StandardContext.reload Reloading Context with name [/Test] has started
19-Jun-2017 14:54:05.525 INFORMATION [ContainerBackgroundProcessor[StandardEngine[Catalina]]] org.apache.jasper.servlet.TldScanner.scanJars At least one JAR was scanned for TLDs yet contained no TLDs. Enable debug logging for this logger for a complete list of JARs that were scanned but no TLDs were found in them. Skipping unneeded JARs during scanning can improve startup time and JSP compilation time.
19-Jun-2017 14:54:05.526 INFORMATION [ContainerBackgroundProcessor[StandardEngine[Catalina]]] org.apache.catalina.core.StandardContext.reload Reloading Context with name [/Test] is completed
19-Jun-2017 14:55:55.528 INFORMATION [ContainerBackgroundProcessor[StandardEngine[Catalina]]] org.apache.catalina.startup.HostConfig.reload Reloading context [/Test]
19-Jun-2017 14:55:55.529 INFORMATION [ContainerBackgroundProcessor[StandardEngine[Catalina]]] org.apache.catalina.core.StandardContext.reload Reloading Context with name [/Test] has started
19-Jun-2017 14:55:55.543 INFORMATION [ContainerBackgroundProcessor[StandardEngine[Catalina]]] org.apache.jasper.servlet.TldScanner.scanJars At least one JAR was scanned for TLDs yet contained no TLDs. Enable debug logging for this logger for a complete list of JARs that were scanned but no TLDs were found in them. Skipping unneeded JARs during scanning can improve startup time and JSP compilation time.
19-Jun-2017 14:55:55.544 INFORMATION [ContainerBackgroundProcessor[StandardEngine[Catalina]]] org.apache.catalina.core.StandardContext.reload Reloading Context with name [/Test] is completed
19-Jun-2017 15:31:55.580 INFORMATION [ContainerBackgroundProcessor[StandardEngine[Catalina]]] org.apache.catalina.startup.HostConfig.reload Reloading context [/Test]
19-Jun-2017 15:31:55.581 INFORMATION [ContainerBackgroundProcessor[StandardEngine[Catalina]]] org.apache.catalina.core.StandardContext.reload Reloading Context with name [/Test] has started
19-Jun-2017 15:31:55.595 INFORMATION [ContainerBackgroundProcessor[StandardEngine[Catalina]]] org.apache.jasper.servlet.TldScanner.scanJars At least one JAR was scanned for TLDs yet contained no TLDs. Enable debug logging for this logger for a complete list of JARs that were scanned but no TLDs were found in them. Skipping unneeded JARs during scanning can improve startup time and JSP compilation time.
19-Jun-2017 15:31:55.597 INFORMATION [ContainerBackgroundProcessor[StandardEngine[Catalina]]] org.apache.catalina.core.StandardContext.reload Reloading Context with name [/Test] is completed
19-Jun-2017 15:38:35.607 INFORMATION [ContainerBackgroundProcessor[StandardEngine[Catalina]]] org.apache.catalina.startup.HostConfig.reload Reloading context [/Test]
19-Jun-2017 15:38:35.608 INFORMATION [ContainerBackgroundProcessor[StandardEngine[Catalina]]] org.apache.catalina.core.StandardContext.reload Reloading Context with name [/Test] has started
19-Jun-2017 15:38:35.619 INFORMATION [ContainerBackgroundProcessor[StandardEngine[Catalina]]] org.apache.jasper.servlet.TldScanner.scanJars At least one JAR was scanned for TLDs yet contained no TLDs. Enable debug logging for this logger for a complete list of JARs that were scanned but no TLDs were found in them. Skipping unneeded JARs during scanning can improve startup time and JSP compilation time.
19-Jun-2017 15:38:35.620 INFORMATION [ContainerBackgroundProcessor[StandardEngine[Catalina]]] org.apache.catalina.core.StandardContext.reload Reloading Context with name [/Test] is completed
19-Jun-2017 15:39:05.621 INFORMATION [ContainerBackgroundProcessor[StandardEngine[Catalina]]] org.apache.catalina.startup.HostConfig.reload Reloading context [/Test]
19-Jun-2017 15:39:05.622 INFORMATION [ContainerBackgroundProcessor[StandardEngine[Catalina]]] org.apache.catalina.core.StandardContext.reload Reloading Context with name [/Test] has started
19-Jun-2017 15:39:05.634 INFORMATION [ContainerBackgroundProcessor[StandardEngine[Catalina]]] org.apache.jasper.servlet.TldScanner.scanJars At least one JAR was scanned for TLDs yet contained no TLDs. Enable debug logging for this logger for a complete list of JARs that were scanned but no TLDs were found in them. Skipping unneeded JARs during scanning can improve startup time and JSP compilation time.
19-Jun-2017 15:39:05.635 INFORMATION [ContainerBackgroundProcessor[StandardEngine[Catalina]]] org.apache.catalina.core.StandardContext.reload Reloading Context with name [/Test] is completed
19-Jun-2017 16:01:05.658 INFORMATION [ContainerBackgroundProcessor[StandardEngine[Catalina]]] org.apache.catalina.startup.HostConfig.reload Reloading context [/Test]
19-Jun-2017 16:01:05.659 INFORMATION [ContainerBackgroundProcessor[StandardEngine[Catalina]]] org.apache.catalina.core.StandardContext.reload Reloading Context with name [/Test] has started
19-Jun-2017 16:01:05.671 INFORMATION [ContainerBackgroundProcessor[StandardEngine[Catalina]]] org.apache.jasper.servlet.TldScanner.scanJars At least one JAR was scanned for TLDs yet contained no TLDs. Enable debug logging for this logger for a complete list of JARs that were scanned but no TLDs were found in them. Skipping unneeded JARs during scanning can improve startup time and JSP compilation time.
19-Jun-2017 16:01:05.672 INFORMATION [ContainerBackgroundProcessor[StandardEngine[Catalina]]] org.apache.catalina.core.StandardContext.reload Reloading Context with name [/Test] is completed
