23-Jun-2017 09:43:36.904 INFORMATION [main] org.apache.catalina.startup.VersionLoggerListener.log Server version:        Apache Tomcat/8.5.15
23-Jun-2017 09:43:36.907 INFORMATION [main] org.apache.catalina.startup.VersionLoggerListener.log Server built:          May 5 2017 11:03:04 UTC
23-Jun-2017 09:43:36.907 INFORMATION [main] org.apache.catalina.startup.VersionLoggerListener.log Server number:         8.5.15.0
23-Jun-2017 09:43:36.907 INFORMATION [main] org.apache.catalina.startup.VersionLoggerListener.log OS Name:               Windows 7
23-Jun-2017 09:43:36.907 INFORMATION [main] org.apache.catalina.startup.VersionLoggerListener.log OS Version:            6.1
23-Jun-2017 09:43:36.908 INFORMATION [main] org.apache.catalina.startup.VersionLoggerListener.log Architecture:          amd64
23-Jun-2017 09:43:36.908 INFORMATION [main] org.apache.catalina.startup.VersionLoggerListener.log Java Home:             C:\Program Files\Java\jdk1.8.0_102\jre
23-Jun-2017 09:43:36.908 INFORMATION [main] org.apache.catalina.startup.VersionLoggerListener.log JVM Version:           1.8.0_102-b14
23-Jun-2017 09:43:36.908 INFORMATION [main] org.apache.catalina.startup.VersionLoggerListener.log JVM Vendor:            Oracle Corporation
23-Jun-2017 09:43:36.908 INFORMATION [main] org.apache.catalina.startup.VersionLoggerListener.log CATALINA_BASE:         C:\Projekte\Test\apache-tomcat-8.5.15\apache-tomcat-8.5.15
23-Jun-2017 09:43:36.908 INFORMATION [main] org.apache.catalina.startup.VersionLoggerListener.log CATALINA_HOME:         C:\Projekte\Test\apache-tomcat-8.5.15\apache-tomcat-8.5.15
23-Jun-2017 09:43:36.908 INFORMATION [main] org.apache.catalina.startup.VersionLoggerListener.log Command line argument: -Djava.util.logging.config.file=C:\Projekte\Test\apache-tomcat-8.5.15\apache-tomcat-8.5.15\conf\logging.properties
23-Jun-2017 09:43:36.908 INFORMATION [main] org.apache.catalina.startup.VersionLoggerListener.log Command line argument: -Djava.util.logging.manager=org.apache.juli.ClassLoaderLogManager
23-Jun-2017 09:43:36.909 INFORMATION [main] org.apache.catalina.startup.VersionLoggerListener.log Command line argument: -Djdk.tls.ephemeralDHKeySize=2048
23-Jun-2017 09:43:36.909 INFORMATION [main] org.apache.catalina.startup.VersionLoggerListener.log Command line argument: -Djava.protocol.handler.pkgs=org.apache.catalina.webresources
23-Jun-2017 09:43:36.909 INFORMATION [main] org.apache.catalina.startup.VersionLoggerListener.log Command line argument: -Dcatalina.base=C:\Projekte\Test\apache-tomcat-8.5.15\apache-tomcat-8.5.15
23-Jun-2017 09:43:36.909 INFORMATION [main] org.apache.catalina.startup.VersionLoggerListener.log Command line argument: -Dcatalina.home=C:\Projekte\Test\apache-tomcat-8.5.15\apache-tomcat-8.5.15
23-Jun-2017 09:43:36.910 INFORMATION [main] org.apache.catalina.startup.VersionLoggerListener.log Command line argument: -Djava.io.tmpdir=C:\Projekte\Test\apache-tomcat-8.5.15\apache-tomcat-8.5.15\temp
23-Jun-2017 09:43:36.910 INFORMATION [main] org.apache.catalina.core.AprLifecycleListener.lifecycleEvent The APR based Apache Tomcat Native library which allows optimal performance in production environments was not found on the java.library.path: [C:\Program Files\Java\jdk1.8.0_102\bin;C:\Windows\Sun\Java\bin;C:\Windows\system32;C:\Windows;C:\ProgramData\Oracle\Java\javapath;C:\Program Files (x86)\PHP\;C:\Windows\system32;C:\Windows;C:\Windows\System32\Wbem;C:\Windows\System32\WindowsPowerShell\v1.0\;C:\Program Files\TortoiseSVN\bin;C:\HashiCorp\Vagrant\bin;C:\Program Files (x86)\Brackets\command;C:\Program Files\nodejs\;C:\Users\nmodjo\AppData\Local\Atlassian\SourceTree\git_local\bin;;.]
23-Jun-2017 09:43:37.049 INFORMATION [main] org.apache.coyote.AbstractProtocol.init Initializing ProtocolHandler ["http-nio-8080"]
23-Jun-2017 09:43:37.181 INFORMATION [main] org.apache.tomcat.util.net.NioSelectorPool.getSharedSelector Using a shared selector for servlet write/read
23-Jun-2017 09:43:37.183 INFORMATION [main] org.apache.coyote.AbstractProtocol.init Initializing ProtocolHandler ["ajp-nio-8009"]
23-Jun-2017 09:43:37.185 INFORMATION [main] org.apache.tomcat.util.net.NioSelectorPool.getSharedSelector Using a shared selector for servlet write/read
23-Jun-2017 09:43:37.185 INFORMATION [main] org.apache.catalina.startup.Catalina.load Initialization processed in 557 ms
23-Jun-2017 09:43:37.205 INFORMATION [main] org.apache.catalina.core.StandardService.startInternal Starting service [Catalina]
23-Jun-2017 09:43:37.205 INFORMATION [main] org.apache.catalina.core.StandardEngine.startInternal Starting Servlet Engine: Apache Tomcat/8.5.15
23-Jun-2017 09:43:37.212 INFORMATION [localhost-startStop-1] org.apache.catalina.startup.HostConfig.deployDirectory Deploying web application directory [C:\Projekte\Test\apache-tomcat-8.5.15\apache-tomcat-8.5.15\webapps\docs]
23-Jun-2017 09:43:37.428 INFORMATION [localhost-startStop-1] org.apache.catalina.startup.HostConfig.deployDirectory Deployment of web application directory [C:\Projekte\Test\apache-tomcat-8.5.15\apache-tomcat-8.5.15\webapps\docs] has finished in [215] ms
23-Jun-2017 09:43:37.428 INFORMATION [localhost-startStop-1] org.apache.catalina.startup.HostConfig.deployDirectory Deploying web application directory [C:\Projekte\Test\apache-tomcat-8.5.15\apache-tomcat-8.5.15\webapps\examples]
23-Jun-2017 09:43:37.646 INFORMATION [localhost-startStop-1] org.apache.catalina.startup.HostConfig.deployDirectory Deployment of web application directory [C:\Projekte\Test\apache-tomcat-8.5.15\apache-tomcat-8.5.15\webapps\examples] has finished in [218] ms
23-Jun-2017 09:43:37.646 INFORMATION [localhost-startStop-1] org.apache.catalina.startup.HostConfig.deployDirectory Deploying web application directory [C:\Projekte\Test\apache-tomcat-8.5.15\apache-tomcat-8.5.15\webapps\host-manager]
23-Jun-2017 09:43:37.662 INFORMATION [localhost-startStop-1] org.apache.catalina.startup.HostConfig.deployDirectory Deployment of web application directory [C:\Projekte\Test\apache-tomcat-8.5.15\apache-tomcat-8.5.15\webapps\host-manager] has finished in [15] ms
23-Jun-2017 09:43:37.662 INFORMATION [localhost-startStop-1] org.apache.catalina.startup.HostConfig.deployDirectory Deploying web application directory [C:\Projekte\Test\apache-tomcat-8.5.15\apache-tomcat-8.5.15\webapps\manager]
23-Jun-2017 09:43:37.676 INFORMATION [localhost-startStop-1] org.apache.catalina.startup.HostConfig.deployDirectory Deployment of web application directory [C:\Projekte\Test\apache-tomcat-8.5.15\apache-tomcat-8.5.15\webapps\manager] has finished in [14] ms
23-Jun-2017 09:43:37.677 INFORMATION [localhost-startStop-1] org.apache.catalina.startup.HostConfig.deployDirectory Deploying web application directory [C:\Projekte\Test\apache-tomcat-8.5.15\apache-tomcat-8.5.15\webapps\ROOT]
23-Jun-2017 09:43:37.688 INFORMATION [localhost-startStop-1] org.apache.catalina.startup.HostConfig.deployDirectory Deployment of web application directory [C:\Projekte\Test\apache-tomcat-8.5.15\apache-tomcat-8.5.15\webapps\ROOT] has finished in [12] ms
23-Jun-2017 09:43:37.688 INFORMATION [localhost-startStop-1] org.apache.catalina.startup.HostConfig.deployDirectory Deploying web application directory [C:\Projekte\Test\apache-tomcat-8.5.15\apache-tomcat-8.5.15\webapps\Test]
23-Jun-2017 09:43:37.703 INFORMATION [localhost-startStop-1] org.apache.jasper.servlet.TldScanner.scanJars At least one JAR was scanned for TLDs yet contained no TLDs. Enable debug logging for this logger for a complete list of JARs that were scanned but no TLDs were found in them. Skipping unneeded JARs during scanning can improve startup time and JSP compilation time.
23-Jun-2017 09:43:37.705 INFORMATION [localhost-startStop-1] org.apache.catalina.startup.HostConfig.deployDirectory Deployment of web application directory [C:\Projekte\Test\apache-tomcat-8.5.15\apache-tomcat-8.5.15\webapps\Test] has finished in [16] ms
23-Jun-2017 09:43:37.706 INFORMATION [main] org.apache.coyote.AbstractProtocol.start Starting ProtocolHandler ["http-nio-8080"]
23-Jun-2017 09:43:37.713 INFORMATION [main] org.apache.coyote.AbstractProtocol.start Starting ProtocolHandler ["ajp-nio-8009"]
23-Jun-2017 09:43:37.715 INFORMATION [main] org.apache.catalina.startup.Catalina.start Server startup in 529 ms
23-Jun-2017 09:55:47.898 INFORMATION [ContainerBackgroundProcessor[StandardEngine[Catalina]]] org.apache.catalina.startup.HostConfig.reload Reloading context [/Test]
23-Jun-2017 09:55:47.899 INFORMATION [ContainerBackgroundProcessor[StandardEngine[Catalina]]] org.apache.catalina.core.StandardContext.reload Reloading Context with name [/Test] has started
23-Jun-2017 09:55:47.938 INFORMATION [ContainerBackgroundProcessor[StandardEngine[Catalina]]] org.apache.jasper.servlet.TldScanner.scanJars At least one JAR was scanned for TLDs yet contained no TLDs. Enable debug logging for this logger for a complete list of JARs that were scanned but no TLDs were found in them. Skipping unneeded JARs during scanning can improve startup time and JSP compilation time.
23-Jun-2017 09:55:47.942 INFORMATION [ContainerBackgroundProcessor[StandardEngine[Catalina]]] org.apache.catalina.core.StandardContext.reload Reloading Context with name [/Test] is completed
23-Jun-2017 10:00:43.888 SCHWERWIEGEND [main] org.apache.catalina.startup.Catalina.stopServer Could not contact [localhost:[8005]]. Tomcat may not be running.
23-Jun-2017 10:00:43.888 SCHWERWIEGEND [main] org.apache.catalina.startup.Catalina.stopServer Catalina.stop: 
 java.net.ConnectException: Connection refused: connect
	at java.net.DualStackPlainSocketImpl.connect0(Native Method)
	at java.net.DualStackPlainSocketImpl.socketConnect(DualStackPlainSocketImpl.java:79)
	at java.net.AbstractPlainSocketImpl.doConnect(AbstractPlainSocketImpl.java:350)
	at java.net.AbstractPlainSocketImpl.connectToAddress(AbstractPlainSocketImpl.java:206)
	at java.net.AbstractPlainSocketImpl.connect(AbstractPlainSocketImpl.java:188)
	at java.net.PlainSocketImpl.connect(PlainSocketImpl.java:172)
	at java.net.SocksSocketImpl.connect(SocksSocketImpl.java:392)
	at java.net.Socket.connect(Socket.java:589)
	at java.net.Socket.connect(Socket.java:538)
	at java.net.Socket.<init>(Socket.java:434)
	at java.net.Socket.<init>(Socket.java:211)
	at org.apache.catalina.startup.Catalina.stopServer(Catalina.java:477)
	at sun.reflect.NativeMethodAccessorImpl.invoke0(Native Method)
	at sun.reflect.NativeMethodAccessorImpl.invoke(NativeMethodAccessorImpl.java:62)
	at sun.reflect.DelegatingMethodAccessorImpl.invoke(DelegatingMethodAccessorImpl.java:43)
	at java.lang.reflect.Method.invoke(Method.java:498)
	at org.apache.catalina.startup.Bootstrap.stopServer(Bootstrap.java:408)
	at org.apache.catalina.startup.Bootstrap.main(Bootstrap.java:497)

23-Jun-2017 10:00:57.632 INFORMATION [main] org.apache.catalina.startup.VersionLoggerListener.log Server version:        Apache Tomcat/8.5.15
23-Jun-2017 10:00:57.634 INFORMATION [main] org.apache.catalina.startup.VersionLoggerListener.log Server built:          May 5 2017 11:03:04 UTC
23-Jun-2017 10:00:57.634 INFORMATION [main] org.apache.catalina.startup.VersionLoggerListener.log Server number:         8.5.15.0
23-Jun-2017 10:00:57.634 INFORMATION [main] org.apache.catalina.startup.VersionLoggerListener.log OS Name:               Windows 7
23-Jun-2017 10:00:57.634 INFORMATION [main] org.apache.catalina.startup.VersionLoggerListener.log OS Version:            6.1
23-Jun-2017 10:00:57.634 INFORMATION [main] org.apache.catalina.startup.VersionLoggerListener.log Architecture:          amd64
23-Jun-2017 10:00:57.635 INFORMATION [main] org.apache.catalina.startup.VersionLoggerListener.log Java Home:             C:\Program Files\Java\jdk1.8.0_102\jre
23-Jun-2017 10:00:57.635 INFORMATION [main] org.apache.catalina.startup.VersionLoggerListener.log JVM Version:           1.8.0_102-b14
23-Jun-2017 10:00:57.635 INFORMATION [main] org.apache.catalina.startup.VersionLoggerListener.log JVM Vendor:            Oracle Corporation
23-Jun-2017 10:00:57.635 INFORMATION [main] org.apache.catalina.startup.VersionLoggerListener.log CATALINA_BASE:         C:\Projekte\Test\apache-tomcat-8.5.15\apache-tomcat-8.5.15
23-Jun-2017 10:00:57.635 INFORMATION [main] org.apache.catalina.startup.VersionLoggerListener.log CATALINA_HOME:         C:\Projekte\Test\apache-tomcat-8.5.15\apache-tomcat-8.5.15
23-Jun-2017 10:00:57.635 INFORMATION [main] org.apache.catalina.startup.VersionLoggerListener.log Command line argument: -Djava.util.logging.config.file=C:\Projekte\Test\apache-tomcat-8.5.15\apache-tomcat-8.5.15\conf\logging.properties
23-Jun-2017 10:00:57.635 INFORMATION [main] org.apache.catalina.startup.VersionLoggerListener.log Command line argument: -Djava.util.logging.manager=org.apache.juli.ClassLoaderLogManager
23-Jun-2017 10:00:57.636 INFORMATION [main] org.apache.catalina.startup.VersionLoggerListener.log Command line argument: -Djdk.tls.ephemeralDHKeySize=2048
23-Jun-2017 10:00:57.636 INFORMATION [main] org.apache.catalina.startup.VersionLoggerListener.log Command line argument: -Djava.protocol.handler.pkgs=org.apache.catalina.webresources
23-Jun-2017 10:00:57.636 INFORMATION [main] org.apache.catalina.startup.VersionLoggerListener.log Command line argument: -Dcatalina.base=C:\Projekte\Test\apache-tomcat-8.5.15\apache-tomcat-8.5.15
23-Jun-2017 10:00:57.636 INFORMATION [main] org.apache.catalina.startup.VersionLoggerListener.log Command line argument: -Dcatalina.home=C:\Projekte\Test\apache-tomcat-8.5.15\apache-tomcat-8.5.15
23-Jun-2017 10:00:57.637 INFORMATION [main] org.apache.catalina.startup.VersionLoggerListener.log Command line argument: -Djava.io.tmpdir=C:\Projekte\Test\apache-tomcat-8.5.15\apache-tomcat-8.5.15\temp
23-Jun-2017 10:00:57.637 INFORMATION [main] org.apache.catalina.core.AprLifecycleListener.lifecycleEvent The APR based Apache Tomcat Native library which allows optimal performance in production environments was not found on the java.library.path: [C:\Program Files\Java\jdk1.8.0_102\bin;C:\Windows\Sun\Java\bin;C:\Windows\system32;C:\Windows;C:\ProgramData\Oracle\Java\javapath;C:\Program Files (x86)\PHP\;C:\Windows\system32;C:\Windows;C:\Windows\System32\Wbem;C:\Windows\System32\WindowsPowerShell\v1.0\;C:\Program Files\TortoiseSVN\bin;C:\HashiCorp\Vagrant\bin;C:\Program Files (x86)\Brackets\command;C:\Program Files\nodejs\;C:\Users\nmodjo\AppData\Local\Atlassian\SourceTree\git_local\bin;;.]
23-Jun-2017 10:00:57.725 INFORMATION [main] org.apache.coyote.AbstractProtocol.init Initializing ProtocolHandler ["http-nio-8080"]
23-Jun-2017 10:00:57.863 INFORMATION [main] org.apache.tomcat.util.net.NioSelectorPool.getSharedSelector Using a shared selector for servlet write/read
23-Jun-2017 10:00:57.865 INFORMATION [main] org.apache.coyote.AbstractProtocol.init Initializing ProtocolHandler ["ajp-nio-8009"]
23-Jun-2017 10:00:57.866 INFORMATION [main] org.apache.tomcat.util.net.NioSelectorPool.getSharedSelector Using a shared selector for servlet write/read
23-Jun-2017 10:00:57.866 INFORMATION [main] org.apache.catalina.startup.Catalina.load Initialization processed in 488 ms
23-Jun-2017 10:00:57.882 INFORMATION [main] org.apache.catalina.core.StandardService.startInternal Starting service [Catalina]
23-Jun-2017 10:00:57.882 INFORMATION [main] org.apache.catalina.core.StandardEngine.startInternal Starting Servlet Engine: Apache Tomcat/8.5.15
23-Jun-2017 10:00:57.888 INFORMATION [localhost-startStop-1] org.apache.catalina.startup.HostConfig.deployDirectory Deploying web application directory [C:\Projekte\Test\apache-tomcat-8.5.15\apache-tomcat-8.5.15\webapps\docs]
23-Jun-2017 10:00:58.116 INFORMATION [localhost-startStop-1] org.apache.catalina.startup.HostConfig.deployDirectory Deployment of web application directory [C:\Projekte\Test\apache-tomcat-8.5.15\apache-tomcat-8.5.15\webapps\docs] has finished in [227] ms
23-Jun-2017 10:00:58.116 INFORMATION [localhost-startStop-1] org.apache.catalina.startup.HostConfig.deployDirectory Deploying web application directory [C:\Projekte\Test\apache-tomcat-8.5.15\apache-tomcat-8.5.15\webapps\examples]
23-Jun-2017 10:00:58.322 INFORMATION [localhost-startStop-1] org.apache.catalina.startup.HostConfig.deployDirectory Deployment of web application directory [C:\Projekte\Test\apache-tomcat-8.5.15\apache-tomcat-8.5.15\webapps\examples] has finished in [206] ms
23-Jun-2017 10:00:58.322 INFORMATION [localhost-startStop-1] org.apache.catalina.startup.HostConfig.deployDirectory Deploying web application directory [C:\Projekte\Test\apache-tomcat-8.5.15\apache-tomcat-8.5.15\webapps\host-manager]
23-Jun-2017 10:00:58.338 INFORMATION [localhost-startStop-1] org.apache.catalina.startup.HostConfig.deployDirectory Deployment of web application directory [C:\Projekte\Test\apache-tomcat-8.5.15\apache-tomcat-8.5.15\webapps\host-manager] has finished in [16] ms
23-Jun-2017 10:00:58.338 INFORMATION [localhost-startStop-1] org.apache.catalina.startup.HostConfig.deployDirectory Deploying web application directory [C:\Projekte\Test\apache-tomcat-8.5.15\apache-tomcat-8.5.15\webapps\manager]
23-Jun-2017 10:00:58.352 INFORMATION [localhost-startStop-1] org.apache.catalina.startup.HostConfig.deployDirectory Deployment of web application directory [C:\Projekte\Test\apache-tomcat-8.5.15\apache-tomcat-8.5.15\webapps\manager] has finished in [14] ms
23-Jun-2017 10:00:58.352 INFORMATION [localhost-startStop-1] org.apache.catalina.startup.HostConfig.deployDirectory Deploying web application directory [C:\Projekte\Test\apache-tomcat-8.5.15\apache-tomcat-8.5.15\webapps\ROOT]
23-Jun-2017 10:00:58.365 INFORMATION [localhost-startStop-1] org.apache.catalina.startup.HostConfig.deployDirectory Deployment of web application directory [C:\Projekte\Test\apache-tomcat-8.5.15\apache-tomcat-8.5.15\webapps\ROOT] has finished in [13] ms
23-Jun-2017 10:00:58.366 INFORMATION [localhost-startStop-1] org.apache.catalina.startup.HostConfig.deployDirectory Deploying web application directory [C:\Projekte\Test\apache-tomcat-8.5.15\apache-tomcat-8.5.15\webapps\Test]
23-Jun-2017 10:00:58.381 INFORMATION [localhost-startStop-1] org.apache.jasper.servlet.TldScanner.scanJars At least one JAR was scanned for TLDs yet contained no TLDs. Enable debug logging for this logger for a complete list of JARs that were scanned but no TLDs were found in them. Skipping unneeded JARs during scanning can improve startup time and JSP compilation time.
23-Jun-2017 10:00:58.383 INFORMATION [localhost-startStop-1] org.apache.catalina.startup.HostConfig.deployDirectory Deployment of web application directory [C:\Projekte\Test\apache-tomcat-8.5.15\apache-tomcat-8.5.15\webapps\Test] has finished in [16] ms
23-Jun-2017 10:00:58.385 INFORMATION [main] org.apache.coyote.AbstractProtocol.start Starting ProtocolHandler ["http-nio-8080"]
23-Jun-2017 10:00:58.391 INFORMATION [main] org.apache.coyote.AbstractProtocol.start Starting ProtocolHandler ["ajp-nio-8009"]
23-Jun-2017 10:00:58.393 INFORMATION [main] org.apache.catalina.startup.Catalina.start Server startup in 526 ms
23-Jun-2017 10:02:52.640 INFORMATION [main] org.apache.catalina.core.StandardServer.await A valid shutdown command was received via the shutdown port. Stopping the Server instance.
23-Jun-2017 10:02:52.656 INFORMATION [main] org.apache.coyote.AbstractProtocol.pause Pausing ProtocolHandler ["http-nio-8080"]
23-Jun-2017 10:02:52.781 INFORMATION [main] org.apache.coyote.AbstractProtocol.pause Pausing ProtocolHandler ["ajp-nio-8009"]
23-Jun-2017 10:02:52.890 INFORMATION [main] org.apache.catalina.core.StandardService.stopInternal Stopping service [Catalina]
23-Jun-2017 10:02:52.905 INFORMATION [main] org.apache.coyote.AbstractProtocol.stop Stopping ProtocolHandler ["http-nio-8080"]
23-Jun-2017 10:02:52.905 INFORMATION [main] org.apache.coyote.AbstractProtocol.stop Stopping ProtocolHandler ["ajp-nio-8009"]
23-Jun-2017 10:02:52.905 INFORMATION [main] org.apache.coyote.AbstractProtocol.destroy Destroying ProtocolHandler ["http-nio-8080"]
23-Jun-2017 10:02:52.905 INFORMATION [main] org.apache.coyote.AbstractProtocol.destroy Destroying ProtocolHandler ["ajp-nio-8009"]
23-Jun-2017 10:02:56.357 INFORMATION [main] org.apache.catalina.startup.VersionLoggerListener.log Server version:        Apache Tomcat/8.5.15
23-Jun-2017 10:02:56.357 INFORMATION [main] org.apache.catalina.startup.VersionLoggerListener.log Server built:          May 5 2017 11:03:04 UTC
23-Jun-2017 10:02:56.357 INFORMATION [main] org.apache.catalina.startup.VersionLoggerListener.log Server number:         8.5.15.0
23-Jun-2017 10:02:56.357 INFORMATION [main] org.apache.catalina.startup.VersionLoggerListener.log OS Name:               Windows 7
23-Jun-2017 10:02:56.357 INFORMATION [main] org.apache.catalina.startup.VersionLoggerListener.log OS Version:            6.1
23-Jun-2017 10:02:56.357 INFORMATION [main] org.apache.catalina.startup.VersionLoggerListener.log Architecture:          amd64
23-Jun-2017 10:02:56.357 INFORMATION [main] org.apache.catalina.startup.VersionLoggerListener.log Java Home:             C:\Program Files\Java\jdk1.8.0_102\jre
23-Jun-2017 10:02:56.357 INFORMATION [main] org.apache.catalina.startup.VersionLoggerListener.log JVM Version:           1.8.0_102-b14
23-Jun-2017 10:02:56.357 INFORMATION [main] org.apache.catalina.startup.VersionLoggerListener.log JVM Vendor:            Oracle Corporation
23-Jun-2017 10:02:56.357 INFORMATION [main] org.apache.catalina.startup.VersionLoggerListener.log CATALINA_BASE:         C:\Projekte\Test\apache-tomcat-8.5.15\apache-tomcat-8.5.15
23-Jun-2017 10:02:56.357 INFORMATION [main] org.apache.catalina.startup.VersionLoggerListener.log CATALINA_HOME:         C:\Projekte\Test\apache-tomcat-8.5.15\apache-tomcat-8.5.15
23-Jun-2017 10:02:56.357 INFORMATION [main] org.apache.catalina.startup.VersionLoggerListener.log Command line argument: -Djava.util.logging.config.file=C:\Projekte\Test\apache-tomcat-8.5.15\apache-tomcat-8.5.15\conf\logging.properties
23-Jun-2017 10:02:56.357 INFORMATION [main] org.apache.catalina.startup.VersionLoggerListener.log Command line argument: -Djava.util.logging.manager=org.apache.juli.ClassLoaderLogManager
23-Jun-2017 10:02:56.357 INFORMATION [main] org.apache.catalina.startup.VersionLoggerListener.log Command line argument: -Djdk.tls.ephemeralDHKeySize=2048
23-Jun-2017 10:02:56.357 INFORMATION [main] org.apache.catalina.startup.VersionLoggerListener.log Command line argument: -Djava.protocol.handler.pkgs=org.apache.catalina.webresources
23-Jun-2017 10:02:56.357 INFORMATION [main] org.apache.catalina.startup.VersionLoggerListener.log Command line argument: -Dcatalina.base=C:\Projekte\Test\apache-tomcat-8.5.15\apache-tomcat-8.5.15
23-Jun-2017 10:02:56.357 INFORMATION [main] org.apache.catalina.startup.VersionLoggerListener.log Command line argument: -Dcatalina.home=C:\Projekte\Test\apache-tomcat-8.5.15\apache-tomcat-8.5.15
23-Jun-2017 10:02:56.357 INFORMATION [main] org.apache.catalina.startup.VersionLoggerListener.log Command line argument: -Djava.io.tmpdir=C:\Projekte\Test\apache-tomcat-8.5.15\apache-tomcat-8.5.15\temp
23-Jun-2017 10:02:56.373 INFORMATION [main] org.apache.catalina.core.AprLifecycleListener.lifecycleEvent The APR based Apache Tomcat Native library which allows optimal performance in production environments was not found on the java.library.path: [C:\Program Files\Java\jdk1.8.0_102\bin;C:\Windows\Sun\Java\bin;C:\Windows\system32;C:\Windows;C:\ProgramData\Oracle\Java\javapath;C:\Program Files (x86)\PHP\;C:\Windows\system32;C:\Windows;C:\Windows\System32\Wbem;C:\Windows\System32\WindowsPowerShell\v1.0\;C:\Program Files\TortoiseSVN\bin;C:\HashiCorp\Vagrant\bin;C:\Program Files (x86)\Brackets\command;C:\Program Files\nodejs\;C:\Users\nmodjo\AppData\Local\Atlassian\SourceTree\git_local\bin;;.]
23-Jun-2017 10:02:56.451 INFORMATION [main] org.apache.coyote.AbstractProtocol.init Initializing ProtocolHandler ["http-nio-8080"]
23-Jun-2017 10:02:56.575 INFORMATION [main] org.apache.tomcat.util.net.NioSelectorPool.getSharedSelector Using a shared selector for servlet write/read
23-Jun-2017 10:02:56.575 INFORMATION [main] org.apache.coyote.AbstractProtocol.init Initializing ProtocolHandler ["ajp-nio-8009"]
23-Jun-2017 10:02:56.591 INFORMATION [main] org.apache.tomcat.util.net.NioSelectorPool.getSharedSelector Using a shared selector for servlet write/read
23-Jun-2017 10:02:56.591 INFORMATION [main] org.apache.catalina.startup.Catalina.load Initialization processed in 469 ms
23-Jun-2017 10:02:56.607 INFORMATION [main] org.apache.catalina.core.StandardService.startInternal Starting service [Catalina]
23-Jun-2017 10:02:56.607 INFORMATION [main] org.apache.catalina.core.StandardEngine.startInternal Starting Servlet Engine: Apache Tomcat/8.5.15
23-Jun-2017 10:02:56.607 INFORMATION [localhost-startStop-1] org.apache.catalina.startup.HostConfig.deployDirectory Deploying web application directory [C:\Projekte\Test\apache-tomcat-8.5.15\apache-tomcat-8.5.15\webapps\docs]
23-Jun-2017 10:02:56.794 INFORMATION [localhost-startStop-1] org.apache.catalina.startup.HostConfig.deployDirectory Deployment of web application directory [C:\Projekte\Test\apache-tomcat-8.5.15\apache-tomcat-8.5.15\webapps\docs] has finished in [187] ms
23-Jun-2017 10:02:56.794 INFORMATION [localhost-startStop-1] org.apache.catalina.startup.HostConfig.deployDirectory Deploying web application directory [C:\Projekte\Test\apache-tomcat-8.5.15\apache-tomcat-8.5.15\webapps\examples]
23-Jun-2017 10:02:56.997 INFORMATION [localhost-startStop-1] org.apache.catalina.startup.HostConfig.deployDirectory Deployment of web application directory [C:\Projekte\Test\apache-tomcat-8.5.15\apache-tomcat-8.5.15\webapps\examples] has finished in [203] ms
23-Jun-2017 10:02:56.997 INFORMATION [localhost-startStop-1] org.apache.catalina.startup.HostConfig.deployDirectory Deploying web application directory [C:\Projekte\Test\apache-tomcat-8.5.15\apache-tomcat-8.5.15\webapps\host-manager]
23-Jun-2017 10:02:57.012 INFORMATION [localhost-startStop-1] org.apache.catalina.startup.HostConfig.deployDirectory Deployment of web application directory [C:\Projekte\Test\apache-tomcat-8.5.15\apache-tomcat-8.5.15\webapps\host-manager] has finished in [15] ms
23-Jun-2017 10:02:57.012 INFORMATION [localhost-startStop-1] org.apache.catalina.startup.HostConfig.deployDirectory Deploying web application directory [C:\Projekte\Test\apache-tomcat-8.5.15\apache-tomcat-8.5.15\webapps\manager]
23-Jun-2017 10:02:57.028 INFORMATION [localhost-startStop-1] org.apache.catalina.startup.HostConfig.deployDirectory Deployment of web application directory [C:\Projekte\Test\apache-tomcat-8.5.15\apache-tomcat-8.5.15\webapps\manager] has finished in [16] ms
23-Jun-2017 10:02:57.028 INFORMATION [localhost-startStop-1] org.apache.catalina.startup.HostConfig.deployDirectory Deploying web application directory [C:\Projekte\Test\apache-tomcat-8.5.15\apache-tomcat-8.5.15\webapps\ROOT]
23-Jun-2017 10:02:57.043 INFORMATION [localhost-startStop-1] org.apache.catalina.startup.HostConfig.deployDirectory Deployment of web application directory [C:\Projekte\Test\apache-tomcat-8.5.15\apache-tomcat-8.5.15\webapps\ROOT] has finished in [15] ms
23-Jun-2017 10:02:57.043 INFORMATION [localhost-startStop-1] org.apache.catalina.startup.HostConfig.deployDirectory Deploying web application directory [C:\Projekte\Test\apache-tomcat-8.5.15\apache-tomcat-8.5.15\webapps\Test]
23-Jun-2017 10:02:57.059 INFORMATION [localhost-startStop-1] org.apache.jasper.servlet.TldScanner.scanJars At least one JAR was scanned for TLDs yet contained no TLDs. Enable debug logging for this logger for a complete list of JARs that were scanned but no TLDs were found in them. Skipping unneeded JARs during scanning can improve startup time and JSP compilation time.
23-Jun-2017 10:02:57.059 INFORMATION [localhost-startStop-1] org.apache.catalina.startup.HostConfig.deployDirectory Deployment of web application directory [C:\Projekte\Test\apache-tomcat-8.5.15\apache-tomcat-8.5.15\webapps\Test] has finished in [16] ms
23-Jun-2017 10:02:57.059 INFORMATION [main] org.apache.coyote.AbstractProtocol.start Starting ProtocolHandler ["http-nio-8080"]
23-Jun-2017 10:02:57.075 INFORMATION [main] org.apache.coyote.AbstractProtocol.start Starting ProtocolHandler ["ajp-nio-8009"]
23-Jun-2017 10:02:57.075 INFORMATION [main] org.apache.catalina.startup.Catalina.start Server startup in 485 ms
